[0.249s] DEBUG:colcon:Command line arguments: ['/usr/bin/colcon', 'build', '--symlink-install']
[0.249s] DEBUG:colcon:Parsed command line arguments: Namespace(log_base=None, log_level=None, verb_name='build', build_base='build', install_base='install', merge_install=False, symlink_install=True, test_result_base=None, continue_on_error=False, executor='parallel', parallel_workers=12, event_handlers=None, ignore_user_meta=False, metas=['./colcon.meta'], base_paths=['.'], packages_ignore=None, packages_ignore_regex=None, paths=None, packages_up_to=None, packages_up_to_regex=None, packages_above=None, packages_above_and_dependencies=None, packages_above_depth=None, packages_select_by_dep=None, packages_skip_by_dep=None, packages_skip_up_to=None, packages_select_build_failed=False, packages_skip_build_finished=False, packages_select_test_failures=False, packages_skip_test_passed=False, packages_select=None, packages_skip=None, packages_select_regex=None, packages_skip_regex=None, packages_start=None, packages_end=None, allow_overriding=[], cmake_args=None, cmake_target=None, cmake_target_skip_unavailable=False, cmake_clean_cache=False, cmake_clean_first=False, cmake_force_configure=False, ament_cmake_args=None, catkin_cmake_args=None, catkin_skip_building_tests=False, verb_parser=<colcon_defaults.argument_parser.defaults.DefaultArgumentsDecorator object at 0x7f086649ebd0>, verb_extension=<colcon_core.verb.build.BuildVerb object at 0x7f086649e8d0>, main=<bound method BuildVerb.main of <colcon_core.verb.build.BuildVerb object at 0x7f086649e8d0>>)
[0.308s] Level 1:colcon.colcon_core.package_discovery:discover_packages(colcon_meta) check parameters
[0.308s] Level 1:colcon.colcon_core.package_discovery:discover_packages(recursive) check parameters
[0.308s] Level 1:colcon.colcon_core.package_discovery:discover_packages(ignore) check parameters
[0.308s] Level 1:colcon.colcon_core.package_discovery:discover_packages(path) check parameters
[0.308s] Level 1:colcon.colcon_core.package_discovery:discover_packages(colcon_meta) discover
[0.308s] Level 1:colcon.colcon_core.package_discovery:discover_packages(recursive) discover
[0.309s] INFO:colcon.colcon_core.package_discovery:Crawling recursively for packages in '/home/faravifarhan/dev_ws/src/gazebot_ros'
[0.309s] Level 1:colcon.colcon_core.package_identification:_identify(.) by extensions ['ignore', 'ignore_ament_install']
[0.309s] Level 1:colcon.colcon_core.package_identification:_identify(.) by extension 'ignore'
[0.309s] Level 1:colcon.colcon_core.package_identification:_identify(.) by extension 'ignore_ament_install'
[0.309s] Level 1:colcon.colcon_core.package_identification:_identify(.) by extensions ['colcon_pkg']
[0.309s] Level 1:colcon.colcon_core.package_identification:_identify(.) by extension 'colcon_pkg'
[0.309s] Level 1:colcon.colcon_core.package_identification:_identify(.) by extensions ['colcon_meta']
[0.309s] Level 1:colcon.colcon_core.package_identification:_identify(.) by extension 'colcon_meta'
[0.309s] Level 1:colcon.colcon_core.package_identification:_identify(.) by extensions ['ros']
[0.310s] Level 1:colcon.colcon_core.package_identification:_identify(.) by extension 'ros'
[0.348s] DEBUG:colcon.colcon_core.package_identification:Package '.' with type 'ros.ament_cmake' and name 'gazebot_ros'
[0.348s] Level 1:colcon.colcon_core.package_discovery:discover_packages(recursive) using defaults
[0.348s] Level 1:colcon.colcon_core.package_discovery:discover_packages(ignore) discover
[0.348s] Level 1:colcon.colcon_core.package_discovery:discover_packages(ignore) using defaults
[0.348s] Level 1:colcon.colcon_core.package_discovery:discover_packages(path) discover
[0.348s] Level 1:colcon.colcon_core.package_discovery:discover_packages(path) using defaults
[0.367s] Level 1:colcon.colcon_core.package_discovery:discover_packages(prefix_path) check parameters
[0.367s] Level 1:colcon.colcon_core.package_discovery:discover_packages(prefix_path) discover
[0.369s] DEBUG:colcon.colcon_installed_package_information.package_discovery:Found 1 installed packages in /home/faravifarhan/dev_ws/install
[0.369s] DEBUG:colcon.colcon_installed_package_information.package_discovery:Found 1 installed packages in /home/faravifarhan/ros2_ws/install
[0.371s] DEBUG:colcon.colcon_installed_package_information.package_discovery:Found 364 installed packages in /opt/ros/jazzy
[0.372s] Level 1:colcon.colcon_core.package_discovery:discover_packages(prefix_path) using defaults
[0.435s] Level 5:colcon.colcon_core.verb:set package 'gazebot_ros' build argument 'cmake_args' from command line to 'None'
[0.435s] Level 5:colcon.colcon_core.verb:set package 'gazebot_ros' build argument 'cmake_target' from command line to 'None'
[0.435s] Level 5:colcon.colcon_core.verb:set package 'gazebot_ros' build argument 'cmake_target_skip_unavailable' from command line to 'False'
[0.435s] Level 5:colcon.colcon_core.verb:set package 'gazebot_ros' build argument 'cmake_clean_cache' from command line to 'False'
[0.435s] Level 5:colcon.colcon_core.verb:set package 'gazebot_ros' build argument 'cmake_clean_first' from command line to 'False'
[0.435s] Level 5:colcon.colcon_core.verb:set package 'gazebot_ros' build argument 'cmake_force_configure' from command line to 'False'
[0.435s] Level 5:colcon.colcon_core.verb:set package 'gazebot_ros' build argument 'ament_cmake_args' from command line to 'None'
[0.435s] Level 5:colcon.colcon_core.verb:set package 'gazebot_ros' build argument 'catkin_cmake_args' from command line to 'None'
[0.435s] Level 5:colcon.colcon_core.verb:set package 'gazebot_ros' build argument 'catkin_skip_building_tests' from command line to 'False'
[0.435s] DEBUG:colcon.colcon_core.verb:Building package 'gazebot_ros' with the following arguments: {'ament_cmake_args': None, 'build_base': '/home/faravifarhan/dev_ws/src/gazebot_ros/build/gazebot_ros', 'catkin_cmake_args': None, 'catkin_skip_building_tests': False, 'cmake_args': None, 'cmake_clean_cache': False, 'cmake_clean_first': False, 'cmake_force_configure': False, 'cmake_target': None, 'cmake_target_skip_unavailable': False, 'install_base': '/home/faravifarhan/dev_ws/src/gazebot_ros/install/gazebot_ros', 'merge_install': False, 'path': '/home/faravifarhan/dev_ws/src/gazebot_ros', 'symlink_install': True, 'test_result_base': None}
[0.435s] INFO:colcon.colcon_core.executor:Executing jobs using 'parallel' executor
[0.436s] DEBUG:colcon.colcon_parallel_executor.executor.parallel:run_until_complete
[0.437s] INFO:colcon.colcon_ros.task.ament_cmake.build:Building ROS package in '/home/faravifarhan/dev_ws/src/gazebot_ros' with build type 'ament_cmake'
[0.437s] INFO:colcon.colcon_cmake.task.cmake.build:Building CMake package in '/home/faravifarhan/dev_ws/src/gazebot_ros'
[0.440s] INFO:colcon.colcon_core.plugin_system:Skipping extension 'colcon_core.shell.bat': Not used on non-Windows systems
[0.440s] INFO:colcon.colcon_core.shell:Skip shell extension 'powershell' for command environment: Not usable outside of PowerShell
[0.440s] DEBUG:colcon.colcon_core.shell:Skip shell extension 'dsv' for command environment
[0.452s] DEBUG:colcon.colcon_core.event_handler.log_command:Invoking command in '/home/faravifarhan/dev_ws/src/gazebot_ros/build/gazebot_ros': CMAKE_PREFIX_PATH=${CMAKE_PREFIX_PATH}:/home/faravifarhan/ros2_ws/install/my_robot_controller:/opt/ros/jazzy /usr/bin/cmake --build /home/faravifarhan/dev_ws/src/gazebot_ros/build/gazebot_ros -- -j12 -l12
[0.486s] DEBUG:colcon.colcon_core.event_handler.log_command:Invoked command in '/home/faravifarhan/dev_ws/src/gazebot_ros/build/gazebot_ros' returned '0': CMAKE_PREFIX_PATH=${CMAKE_PREFIX_PATH}:/home/faravifarhan/ros2_ws/install/my_robot_controller:/opt/ros/jazzy /usr/bin/cmake --build /home/faravifarhan/dev_ws/src/gazebot_ros/build/gazebot_ros -- -j12 -l12
[0.496s] DEBUG:colcon.colcon_core.event_handler.log_command:Invoking command in '/home/faravifarhan/dev_ws/src/gazebot_ros/build/gazebot_ros': CMAKE_PREFIX_PATH=${CMAKE_PREFIX_PATH}:/home/faravifarhan/ros2_ws/install/my_robot_controller:/opt/ros/jazzy /usr/bin/cmake --install /home/faravifarhan/dev_ws/src/gazebot_ros/build/gazebot_ros
[0.520s] Level 1:colcon.colcon_core.environment:create_environment_scripts_only(gazebot_ros)
[0.520s] DEBUG:colcon.colcon_core.event_handler.log_command:Invoked command in '/home/faravifarhan/dev_ws/src/gazebot_ros/build/gazebot_ros' returned '0': CMAKE_PREFIX_PATH=${CMAKE_PREFIX_PATH}:/home/faravifarhan/ros2_ws/install/my_robot_controller:/opt/ros/jazzy /usr/bin/cmake --install /home/faravifarhan/dev_ws/src/gazebot_ros/build/gazebot_ros
[0.522s] Level 1:colcon.colcon_core.environment:checking '/home/faravifarhan/dev_ws/src/gazebot_ros/install/gazebot_ros' for CMake module files
[0.523s] Level 1:colcon.colcon_core.environment:checking '/home/faravifarhan/dev_ws/src/gazebot_ros/install/gazebot_ros' for CMake config files
[0.523s] Level 1:colcon.colcon_core.shell:create_environment_hook('gazebot_ros', 'cmake_prefix_path')
[0.523s] INFO:colcon.colcon_core.shell:Creating environment hook '/home/faravifarhan/dev_ws/src/gazebot_ros/install/gazebot_ros/share/gazebot_ros/hook/cmake_prefix_path.ps1'
[0.524s] INFO:colcon.colcon_core.shell:Creating environment descriptor '/home/faravifarhan/dev_ws/src/gazebot_ros/install/gazebot_ros/share/gazebot_ros/hook/cmake_prefix_path.dsv'
[0.524s] INFO:colcon.colcon_core.shell:Creating environment hook '/home/faravifarhan/dev_ws/src/gazebot_ros/install/gazebot_ros/share/gazebot_ros/hook/cmake_prefix_path.sh'
[0.525s] Level 1:colcon.colcon_core.environment:checking '/home/faravifarhan/dev_ws/src/gazebot_ros/install/gazebot_ros/bin'
[0.525s] Level 1:colcon.colcon_core.environment:checking '/home/faravifarhan/dev_ws/src/gazebot_ros/install/gazebot_ros/lib/pkgconfig/gazebot_ros.pc'
[0.525s] Level 1:colcon.colcon_core.environment:checking '/home/faravifarhan/dev_ws/src/gazebot_ros/install/gazebot_ros/lib/python3.12/site-packages'
[0.526s] Level 1:colcon.colcon_core.environment:checking '/home/faravifarhan/dev_ws/src/gazebot_ros/install/gazebot_ros/bin'
[0.526s] INFO:colcon.colcon_core.shell:Creating package script '/home/faravifarhan/dev_ws/src/gazebot_ros/install/gazebot_ros/share/gazebot_ros/package.ps1'
[0.526s] INFO:colcon.colcon_core.shell:Creating package descriptor '/home/faravifarhan/dev_ws/src/gazebot_ros/install/gazebot_ros/share/gazebot_ros/package.dsv'
[0.527s] INFO:colcon.colcon_core.shell:Creating package script '/home/faravifarhan/dev_ws/src/gazebot_ros/install/gazebot_ros/share/gazebot_ros/package.sh'
[0.527s] INFO:colcon.colcon_core.shell:Creating package script '/home/faravifarhan/dev_ws/src/gazebot_ros/install/gazebot_ros/share/gazebot_ros/package.bash'
[0.528s] INFO:colcon.colcon_core.shell:Creating package script '/home/faravifarhan/dev_ws/src/gazebot_ros/install/gazebot_ros/share/gazebot_ros/package.zsh'
[0.528s] Level 1:colcon.colcon_core.environment:create_file_with_runtime_dependencies(/home/faravifarhan/dev_ws/src/gazebot_ros/install/gazebot_ros/share/colcon-core/packages/gazebot_ros)
[0.529s] Level 1:colcon.colcon_core.environment:create_environment_scripts_only(gazebot_ros)
[0.529s] Level 1:colcon.colcon_core.environment:checking '/home/faravifarhan/dev_ws/src/gazebot_ros/install/gazebot_ros' for CMake module files
[0.530s] Level 1:colcon.colcon_core.environment:checking '/home/faravifarhan/dev_ws/src/gazebot_ros/install/gazebot_ros' for CMake config files
[0.530s] Level 1:colcon.colcon_core.shell:create_environment_hook('gazebot_ros', 'cmake_prefix_path')
[0.530s] INFO:colcon.colcon_core.shell:Creating environment hook '/home/faravifarhan/dev_ws/src/gazebot_ros/install/gazebot_ros/share/gazebot_ros/hook/cmake_prefix_path.ps1'
[0.531s] INFO:colcon.colcon_core.shell:Creating environment descriptor '/home/faravifarhan/dev_ws/src/gazebot_ros/install/gazebot_ros/share/gazebot_ros/hook/cmake_prefix_path.dsv'
[0.531s] INFO:colcon.colcon_core.shell:Creating environment hook '/home/faravifarhan/dev_ws/src/gazebot_ros/install/gazebot_ros/share/gazebot_ros/hook/cmake_prefix_path.sh'
[0.532s] Level 1:colcon.colcon_core.environment:checking '/home/faravifarhan/dev_ws/src/gazebot_ros/install/gazebot_ros/bin'
[0.532s] Level 1:colcon.colcon_core.environment:checking '/home/faravifarhan/dev_ws/src/gazebot_ros/install/gazebot_ros/lib/pkgconfig/gazebot_ros.pc'
[0.533s] Level 1:colcon.colcon_core.environment:checking '/home/faravifarhan/dev_ws/src/gazebot_ros/install/gazebot_ros/lib/python3.12/site-packages'
[0.533s] Level 1:colcon.colcon_core.environment:checking '/home/faravifarhan/dev_ws/src/gazebot_ros/install/gazebot_ros/bin'
[0.533s] INFO:colcon.colcon_core.shell:Creating package script '/home/faravifarhan/dev_ws/src/gazebot_ros/install/gazebot_ros/share/gazebot_ros/package.ps1'
[0.534s] INFO:colcon.colcon_core.shell:Creating package descriptor '/home/faravifarhan/dev_ws/src/gazebot_ros/install/gazebot_ros/share/gazebot_ros/package.dsv'
[0.534s] INFO:colcon.colcon_core.shell:Creating package script '/home/faravifarhan/dev_ws/src/gazebot_ros/install/gazebot_ros/share/gazebot_ros/package.sh'
[0.535s] INFO:colcon.colcon_core.shell:Creating package script '/home/faravifarhan/dev_ws/src/gazebot_ros/install/gazebot_ros/share/gazebot_ros/package.bash'
[0.535s] INFO:colcon.colcon_core.shell:Creating package script '/home/faravifarhan/dev_ws/src/gazebot_ros/install/gazebot_ros/share/gazebot_ros/package.zsh'
[0.536s] Level 1:colcon.colcon_core.environment:create_file_with_runtime_dependencies(/home/faravifarhan/dev_ws/src/gazebot_ros/install/gazebot_ros/share/colcon-core/packages/gazebot_ros)
[0.536s] DEBUG:colcon.colcon_parallel_executor.executor.parallel:closing loop
[0.536s] DEBUG:colcon.colcon_parallel_executor.executor.parallel:loop closed
[0.536s] DEBUG:colcon.colcon_parallel_executor.executor.parallel:run_until_complete finished with '0'
[0.537s] DEBUG:colcon.colcon_core.event_reactor:joining thread
[0.593s] INFO:colcon.colcon_core.plugin_system:Skipping extension 'colcon_notification.desktop_notification.notify_send': Could not find 'notify-send'
[0.593s] INFO:colcon.colcon_core.plugin_system:Skipping extension 'colcon_notification.desktop_notification.terminal_notifier': Not used on non-Darwin systems
[0.593s] INFO:colcon.colcon_core.plugin_system:Skipping extension 'colcon_notification.desktop_notification.win32': Not used on non-Windows systems
[0.593s] INFO:colcon.colcon_notification.desktop_notification:Sending desktop notification using 'notify2'
[0.594s] DEBUG:colcon.colcon_notification.desktop_notification.notify2:Failed to initialize notify2: org.freedesktop.DBus.Error.ServiceUnknown: The name org.freedesktop.Notifications was not provided by any .service files
[0.594s] DEBUG:colcon.colcon_core.event_reactor:joined thread
[0.595s] INFO:colcon.colcon_core.shell:Creating prefix script '/home/faravifarhan/dev_ws/src/gazebot_ros/install/local_setup.ps1'
[0.595s] INFO:colcon.colcon_core.shell:Creating prefix util module '/home/faravifarhan/dev_ws/src/gazebot_ros/install/_local_setup_util_ps1.py'
[0.597s] INFO:colcon.colcon_core.shell:Creating prefix chain script '/home/faravifarhan/dev_ws/src/gazebot_ros/install/setup.ps1'
[0.597s] INFO:colcon.colcon_core.shell:Creating prefix script '/home/faravifarhan/dev_ws/src/gazebot_ros/install/local_setup.sh'
[0.598s] INFO:colcon.colcon_core.shell:Creating prefix util module '/home/faravifarhan/dev_ws/src/gazebot_ros/install/_local_setup_util_sh.py'
[0.598s] INFO:colcon.colcon_core.shell:Creating prefix chain script '/home/faravifarhan/dev_ws/src/gazebot_ros/install/setup.sh'
[0.599s] INFO:colcon.colcon_core.shell:Creating prefix script '/home/faravifarhan/dev_ws/src/gazebot_ros/install/local_setup.bash'
[0.600s] INFO:colcon.colcon_core.shell:Creating prefix chain script '/home/faravifarhan/dev_ws/src/gazebot_ros/install/setup.bash'
[0.600s] INFO:colcon.colcon_core.shell:Creating prefix script '/home/faravifarhan/dev_ws/src/gazebot_ros/install/local_setup.zsh'
[0.601s] INFO:colcon.colcon_core.shell:Creating prefix chain script '/home/faravifarhan/dev_ws/src/gazebot_ros/install/setup.zsh'
