[0.217s] DEBUG:colcon:Command line arguments: ['/usr/bin/colcon', 'build', '--symlink-install']
[0.217s] DEBUG:colcon:Parsed command line arguments: Namespace(log_base=None, log_level=None, verb_name='build', build_base='build', install_base='install', merge_install=False, symlink_install=True, test_result_base=None, continue_on_error=False, executor='parallel', parallel_workers=12, event_handlers=None, ignore_user_meta=False, metas=['./colcon.meta'], base_paths=['.'], packages_ignore=None, packages_ignore_regex=None, paths=None, packages_up_to=None, packages_up_to_regex=None, packages_above=None, packages_above_and_dependencies=None, packages_above_depth=None, packages_select_by_dep=None, packages_skip_by_dep=None, packages_skip_up_to=None, packages_select_build_failed=False, packages_skip_build_finished=False, packages_select_test_failures=False, packages_skip_test_passed=False, packages_select=None, packages_skip=None, packages_select_regex=None, packages_skip_regex=None, packages_start=None, packages_end=None, allow_overriding=[], cmake_args=None, cmake_target=None, cmake_target_skip_unavailable=False, cmake_clean_cache=False, cmake_clean_first=False, cmake_force_configure=False, ament_cmake_args=None, catkin_cmake_args=None, catkin_skip_building_tests=False, verb_parser=<colcon_defaults.argument_parser.defaults.DefaultArgumentsDecorator object at 0x7f24a9bfeb70>, verb_extension=<colcon_core.verb.build.BuildVerb object at 0x7f24a9bfe930>, main=<bound method BuildVerb.main of <colcon_core.verb.build.BuildVerb object at 0x7f24a9bfe930>>)
[0.262s] Level 1:colcon.colcon_core.package_discovery:discover_packages(colcon_meta) check parameters
[0.262s] Level 1:colcon.colcon_core.package_discovery:discover_packages(recursive) check parameters
[0.262s] Level 1:colcon.colcon_core.package_discovery:discover_packages(ignore) check parameters
[0.262s] Level 1:colcon.colcon_core.package_discovery:discover_packages(path) check parameters
[0.262s] Level 1:colcon.colcon_core.package_discovery:discover_packages(colcon_meta) discover
[0.262s] Level 1:colcon.colcon_core.package_discovery:discover_packages(recursive) discover
[0.262s] INFO:colcon.colcon_core.package_discovery:Crawling recursively for packages in '/home/faravifarhan/dev_ws/src/gazebot_ros'
[0.263s] Level 1:colcon.colcon_core.package_identification:_identify(.) by extensions ['ignore', 'ignore_ament_install']
[0.263s] Level 1:colcon.colcon_core.package_identification:_identify(.) by extension 'ignore'
[0.263s] Level 1:colcon.colcon_core.package_identification:_identify(.) by extension 'ignore_ament_install'
[0.263s] Level 1:colcon.colcon_core.package_identification:_identify(.) by extensions ['colcon_pkg']
[0.263s] Level 1:colcon.colcon_core.package_identification:_identify(.) by extension 'colcon_pkg'
[0.263s] Level 1:colcon.colcon_core.package_identification:_identify(.) by extensions ['colcon_meta']
[0.263s] Level 1:colcon.colcon_core.package_identification:_identify(.) by extension 'colcon_meta'
[0.263s] Level 1:colcon.colcon_core.package_identification:_identify(.) by extensions ['ros']
[0.263s] Level 1:colcon.colcon_core.package_identification:_identify(.) by extension 'ros'
[0.298s] DEBUG:colcon.colcon_core.package_identification:Package '.' with type 'ros.ament_cmake' and name 'gazebot_ros'
[0.299s] Level 1:colcon.colcon_core.package_discovery:discover_packages(recursive) using defaults
[0.299s] Level 1:colcon.colcon_core.package_discovery:discover_packages(ignore) discover
[0.299s] Level 1:colcon.colcon_core.package_discovery:discover_packages(ignore) using defaults
[0.299s] Level 1:colcon.colcon_core.package_discovery:discover_packages(path) discover
[0.299s] Level 1:colcon.colcon_core.package_discovery:discover_packages(path) using defaults
[0.320s] Level 1:colcon.colcon_core.package_discovery:discover_packages(prefix_path) check parameters
[0.320s] Level 1:colcon.colcon_core.package_discovery:discover_packages(prefix_path) discover
[0.321s] DEBUG:colcon.colcon_installed_package_information.package_discovery:Found 1 installed packages in /home/faravifarhan/dev_ws/install
[0.322s] DEBUG:colcon.colcon_installed_package_information.package_discovery:Found 1 installed packages in /home/faravifarhan/ros2_ws/install
[0.324s] DEBUG:colcon.colcon_installed_package_information.package_discovery:Found 364 installed packages in /opt/ros/jazzy
[0.325s] Level 1:colcon.colcon_core.package_discovery:discover_packages(prefix_path) using defaults
[0.383s] Level 5:colcon.colcon_core.verb:set package 'gazebot_ros' build argument 'cmake_args' from command line to 'None'
[0.383s] Level 5:colcon.colcon_core.verb:set package 'gazebot_ros' build argument 'cmake_target' from command line to 'None'
[0.383s] Level 5:colcon.colcon_core.verb:set package 'gazebot_ros' build argument 'cmake_target_skip_unavailable' from command line to 'False'
[0.384s] Level 5:colcon.colcon_core.verb:set package 'gazebot_ros' build argument 'cmake_clean_cache' from command line to 'False'
[0.384s] Level 5:colcon.colcon_core.verb:set package 'gazebot_ros' build argument 'cmake_clean_first' from command line to 'False'
[0.384s] Level 5:colcon.colcon_core.verb:set package 'gazebot_ros' build argument 'cmake_force_configure' from command line to 'False'
[0.384s] Level 5:colcon.colcon_core.verb:set package 'gazebot_ros' build argument 'ament_cmake_args' from command line to 'None'
[0.384s] Level 5:colcon.colcon_core.verb:set package 'gazebot_ros' build argument 'catkin_cmake_args' from command line to 'None'
[0.384s] Level 5:colcon.colcon_core.verb:set package 'gazebot_ros' build argument 'catkin_skip_building_tests' from command line to 'False'
[0.384s] DEBUG:colcon.colcon_core.verb:Building package 'gazebot_ros' with the following arguments: {'ament_cmake_args': None, 'build_base': '/home/faravifarhan/dev_ws/src/gazebot_ros/build/gazebot_ros', 'catkin_cmake_args': None, 'catkin_skip_building_tests': False, 'cmake_args': None, 'cmake_clean_cache': False, 'cmake_clean_first': False, 'cmake_force_configure': False, 'cmake_target': None, 'cmake_target_skip_unavailable': False, 'install_base': '/home/faravifarhan/dev_ws/src/gazebot_ros/install/gazebot_ros', 'merge_install': False, 'path': '/home/faravifarhan/dev_ws/src/gazebot_ros', 'symlink_install': True, 'test_result_base': None}
[0.384s] INFO:colcon.colcon_core.executor:Executing jobs using 'parallel' executor
[0.385s] DEBUG:colcon.colcon_parallel_executor.executor.parallel:run_until_complete
[0.385s] INFO:colcon.colcon_ros.task.ament_cmake.build:Building ROS package in '/home/faravifarhan/dev_ws/src/gazebot_ros' with build type 'ament_cmake'
[0.385s] INFO:colcon.colcon_cmake.task.cmake.build:Building CMake package in '/home/faravifarhan/dev_ws/src/gazebot_ros'
[0.388s] INFO:colcon.colcon_core.plugin_system:Skipping extension 'colcon_core.shell.bat': Not used on non-Windows systems
[0.388s] INFO:colcon.colcon_core.shell:Skip shell extension 'powershell' for command environment: Not usable outside of PowerShell
[0.388s] DEBUG:colcon.colcon_core.shell:Skip shell extension 'dsv' for command environment
[0.399s] DEBUG:colcon.colcon_core.event_handler.log_command:Invoking command in '/home/faravifarhan/dev_ws/src/gazebot_ros/build/gazebot_ros': CMAKE_PREFIX_PATH=${CMAKE_PREFIX_PATH}:/home/faravifarhan/ros2_ws/install/my_robot_controller:/opt/ros/jazzy /usr/bin/cmake /home/faravifarhan/dev_ws/src/gazebot_ros -DAMENT_CMAKE_SYMLINK_INSTALL=1 -DCMAKE_INSTALL_PREFIX=/home/faravifarhan/dev_ws/src/gazebot_ros/install/gazebot_ros
[3.747s] DEBUG:colcon.colcon_core.event_handler.log_command:Invoked command in '/home/faravifarhan/dev_ws/src/gazebot_ros/build/gazebot_ros' returned '0': CMAKE_PREFIX_PATH=${CMAKE_PREFIX_PATH}:/home/faravifarhan/ros2_ws/install/my_robot_controller:/opt/ros/jazzy /usr/bin/cmake /home/faravifarhan/dev_ws/src/gazebot_ros -DAMENT_CMAKE_SYMLINK_INSTALL=1 -DCMAKE_INSTALL_PREFIX=/home/faravifarhan/dev_ws/src/gazebot_ros/install/gazebot_ros
[3.750s] DEBUG:colcon.colcon_core.event_handler.log_command:Invoking command in '/home/faravifarhan/dev_ws/src/gazebot_ros/build/gazebot_ros': CMAKE_PREFIX_PATH=${CMAKE_PREFIX_PATH}:/home/faravifarhan/ros2_ws/install/my_robot_controller:/opt/ros/jazzy /usr/bin/cmake --build /home/faravifarhan/dev_ws/src/gazebot_ros/build/gazebot_ros -- -j12 -l12
[3.804s] DEBUG:colcon.colcon_core.event_handler.log_command:Invoked command in '/home/faravifarhan/dev_ws/src/gazebot_ros/build/gazebot_ros' returned '0': CMAKE_PREFIX_PATH=${CMAKE_PREFIX_PATH}:/home/faravifarhan/ros2_ws/install/my_robot_controller:/opt/ros/jazzy /usr/bin/cmake --build /home/faravifarhan/dev_ws/src/gazebot_ros/build/gazebot_ros -- -j12 -l12
[3.820s] DEBUG:colcon.colcon_core.event_handler.log_command:Invoking command in '/home/faravifarhan/dev_ws/src/gazebot_ros/build/gazebot_ros': CMAKE_PREFIX_PATH=${CMAKE_PREFIX_PATH}:/home/faravifarhan/ros2_ws/install/my_robot_controller:/opt/ros/jazzy /usr/bin/cmake --install /home/faravifarhan/dev_ws/src/gazebot_ros/build/gazebot_ros
[4.087s] Level 1:colcon.colcon_core.environment:create_environment_scripts_only(gazebot_ros)
[4.088s] DEBUG:colcon.colcon_core.event_handler.log_command:Invoked command in '/home/faravifarhan/dev_ws/src/gazebot_ros/build/gazebot_ros' returned '0': CMAKE_PREFIX_PATH=${CMAKE_PREFIX_PATH}:/home/faravifarhan/ros2_ws/install/my_robot_controller:/opt/ros/jazzy /usr/bin/cmake --install /home/faravifarhan/dev_ws/src/gazebot_ros/build/gazebot_ros
[4.091s] Level 1:colcon.colcon_core.environment:checking '/home/faravifarhan/dev_ws/src/gazebot_ros/install/gazebot_ros' for CMake module files
[4.092s] Level 1:colcon.colcon_core.environment:checking '/home/faravifarhan/dev_ws/src/gazebot_ros/install/gazebot_ros' for CMake config files
[4.092s] Level 1:colcon.colcon_core.shell:create_environment_hook('gazebot_ros', 'cmake_prefix_path')
[4.093s] INFO:colcon.colcon_core.shell:Creating environment hook '/home/faravifarhan/dev_ws/src/gazebot_ros/install/gazebot_ros/share/gazebot_ros/hook/cmake_prefix_path.ps1'
[4.093s] INFO:colcon.colcon_core.shell:Creating environment descriptor '/home/faravifarhan/dev_ws/src/gazebot_ros/install/gazebot_ros/share/gazebot_ros/hook/cmake_prefix_path.dsv'
[4.094s] INFO:colcon.colcon_core.shell:Creating environment hook '/home/faravifarhan/dev_ws/src/gazebot_ros/install/gazebot_ros/share/gazebot_ros/hook/cmake_prefix_path.sh'
[4.095s] Level 1:colcon.colcon_core.environment:checking '/home/faravifarhan/dev_ws/src/gazebot_ros/install/gazebot_ros/bin'
[4.095s] Level 1:colcon.colcon_core.environment:checking '/home/faravifarhan/dev_ws/src/gazebot_ros/install/gazebot_ros/lib/pkgconfig/gazebot_ros.pc'
[4.095s] Level 1:colcon.colcon_core.environment:checking '/home/faravifarhan/dev_ws/src/gazebot_ros/install/gazebot_ros/lib/python3.12/site-packages'
[4.095s] Level 1:colcon.colcon_core.environment:checking '/home/faravifarhan/dev_ws/src/gazebot_ros/install/gazebot_ros/bin'
[4.096s] INFO:colcon.colcon_core.shell:Creating package script '/home/faravifarhan/dev_ws/src/gazebot_ros/install/gazebot_ros/share/gazebot_ros/package.ps1'
[4.096s] INFO:colcon.colcon_core.shell:Creating package descriptor '/home/faravifarhan/dev_ws/src/gazebot_ros/install/gazebot_ros/share/gazebot_ros/package.dsv'
[4.097s] INFO:colcon.colcon_core.shell:Creating package script '/home/faravifarhan/dev_ws/src/gazebot_ros/install/gazebot_ros/share/gazebot_ros/package.sh'
[4.098s] INFO:colcon.colcon_core.shell:Creating package script '/home/faravifarhan/dev_ws/src/gazebot_ros/install/gazebot_ros/share/gazebot_ros/package.bash'
[4.098s] INFO:colcon.colcon_core.shell:Creating package script '/home/faravifarhan/dev_ws/src/gazebot_ros/install/gazebot_ros/share/gazebot_ros/package.zsh'
[4.099s] Level 1:colcon.colcon_core.environment:create_file_with_runtime_dependencies(/home/faravifarhan/dev_ws/src/gazebot_ros/install/gazebot_ros/share/colcon-core/packages/gazebot_ros)
[4.100s] Level 1:colcon.colcon_core.environment:create_environment_scripts_only(gazebot_ros)
[4.100s] Level 1:colcon.colcon_core.environment:checking '/home/faravifarhan/dev_ws/src/gazebot_ros/install/gazebot_ros' for CMake module files
[4.100s] Level 1:colcon.colcon_core.environment:checking '/home/faravifarhan/dev_ws/src/gazebot_ros/install/gazebot_ros' for CMake config files
[4.101s] Level 1:colcon.colcon_core.shell:create_environment_hook('gazebot_ros', 'cmake_prefix_path')
[4.101s] INFO:colcon.colcon_core.shell:Creating environment hook '/home/faravifarhan/dev_ws/src/gazebot_ros/install/gazebot_ros/share/gazebot_ros/hook/cmake_prefix_path.ps1'
[4.101s] INFO:colcon.colcon_core.shell:Creating environment descriptor '/home/faravifarhan/dev_ws/src/gazebot_ros/install/gazebot_ros/share/gazebot_ros/hook/cmake_prefix_path.dsv'
[4.102s] INFO:colcon.colcon_core.shell:Creating environment hook '/home/faravifarhan/dev_ws/src/gazebot_ros/install/gazebot_ros/share/gazebot_ros/hook/cmake_prefix_path.sh'
[4.102s] Level 1:colcon.colcon_core.environment:checking '/home/faravifarhan/dev_ws/src/gazebot_ros/install/gazebot_ros/bin'
[4.102s] Level 1:colcon.colcon_core.environment:checking '/home/faravifarhan/dev_ws/src/gazebot_ros/install/gazebot_ros/lib/pkgconfig/gazebot_ros.pc'
[4.102s] Level 1:colcon.colcon_core.environment:checking '/home/faravifarhan/dev_ws/src/gazebot_ros/install/gazebot_ros/lib/python3.12/site-packages'
[4.103s] Level 1:colcon.colcon_core.environment:checking '/home/faravifarhan/dev_ws/src/gazebot_ros/install/gazebot_ros/bin'
[4.103s] INFO:colcon.colcon_core.shell:Creating package script '/home/faravifarhan/dev_ws/src/gazebot_ros/install/gazebot_ros/share/gazebot_ros/package.ps1'
[4.104s] INFO:colcon.colcon_core.shell:Creating package descriptor '/home/faravifarhan/dev_ws/src/gazebot_ros/install/gazebot_ros/share/gazebot_ros/package.dsv'
[4.104s] INFO:colcon.colcon_core.shell:Creating package script '/home/faravifarhan/dev_ws/src/gazebot_ros/install/gazebot_ros/share/gazebot_ros/package.sh'
[4.105s] INFO:colcon.colcon_core.shell:Creating package script '/home/faravifarhan/dev_ws/src/gazebot_ros/install/gazebot_ros/share/gazebot_ros/package.bash'
[4.105s] INFO:colcon.colcon_core.shell:Creating package script '/home/faravifarhan/dev_ws/src/gazebot_ros/install/gazebot_ros/share/gazebot_ros/package.zsh'
[4.106s] Level 1:colcon.colcon_core.environment:create_file_with_runtime_dependencies(/home/faravifarhan/dev_ws/src/gazebot_ros/install/gazebot_ros/share/colcon-core/packages/gazebot_ros)
[4.107s] DEBUG:colcon.colcon_parallel_executor.executor.parallel:closing loop
[4.109s] DEBUG:colcon.colcon_parallel_executor.executor.parallel:loop closed
[4.109s] DEBUG:colcon.colcon_parallel_executor.executor.parallel:run_until_complete finished with '0'
[4.109s] DEBUG:colcon.colcon_core.event_reactor:joining thread
[4.187s] INFO:colcon.colcon_core.plugin_system:Skipping extension 'colcon_notification.desktop_notification.notify_send': Could not find 'notify-send'
[4.187s] INFO:colcon.colcon_core.plugin_system:Skipping extension 'colcon_notification.desktop_notification.terminal_notifier': Not used on non-Darwin systems
[4.188s] INFO:colcon.colcon_core.plugin_system:Skipping extension 'colcon_notification.desktop_notification.win32': Not used on non-Windows systems
[4.188s] INFO:colcon.colcon_notification.desktop_notification:Sending desktop notification using 'notify2'
[4.190s] DEBUG:colcon.colcon_notification.desktop_notification.notify2:Failed to initialize notify2: org.freedesktop.DBus.Error.ServiceUnknown: The name org.freedesktop.Notifications was not provided by any .service files
[4.191s] DEBUG:colcon.colcon_core.event_reactor:joined thread
[4.191s] INFO:colcon.colcon_core.shell:Creating prefix script '/home/faravifarhan/dev_ws/src/gazebot_ros/install/local_setup.ps1'
[4.192s] INFO:colcon.colcon_core.shell:Creating prefix util module '/home/faravifarhan/dev_ws/src/gazebot_ros/install/_local_setup_util_ps1.py'
[4.193s] INFO:colcon.colcon_core.shell:Creating prefix chain script '/home/faravifarhan/dev_ws/src/gazebot_ros/install/setup.ps1'
[4.195s] INFO:colcon.colcon_core.shell:Creating prefix script '/home/faravifarhan/dev_ws/src/gazebot_ros/install/local_setup.sh'
[4.196s] INFO:colcon.colcon_core.shell:Creating prefix util module '/home/faravifarhan/dev_ws/src/gazebot_ros/install/_local_setup_util_sh.py'
[4.196s] INFO:colcon.colcon_core.shell:Creating prefix chain script '/home/faravifarhan/dev_ws/src/gazebot_ros/install/setup.sh'
[4.198s] INFO:colcon.colcon_core.shell:Creating prefix script '/home/faravifarhan/dev_ws/src/gazebot_ros/install/local_setup.bash'
[4.198s] INFO:colcon.colcon_core.shell:Creating prefix chain script '/home/faravifarhan/dev_ws/src/gazebot_ros/install/setup.bash'
[4.199s] INFO:colcon.colcon_core.shell:Creating prefix script '/home/faravifarhan/dev_ws/src/gazebot_ros/install/local_setup.zsh'
[4.200s] INFO:colcon.colcon_core.shell:Creating prefix chain script '/home/faravifarhan/dev_ws/src/gazebot_ros/install/setup.zsh'
