-- The C compiler identification is GNU 13.3.0
-- The CXX compiler identification is GNU 13.3.0
-- Detecting C compiler ABI info
-- Detecting C compiler ABI info - done
-- Check for working C compiler: /usr/bin/cc - skipped
-- Detecting C compile features
-- Detecting C compile features - done
-- Detecting CXX compiler ABI info
-- Detecting CXX compiler ABI info - done
-- Check for working CXX compiler: /usr/bin/c++ - skipped
-- Detecting CXX compile features
-- Detecting CXX compile features - done
-- Found ament_cmake: 2.5.3 (/opt/ros/jazzy/share/ament_cmake/cmake)
-- Found Python3: /usr/bin/python3 (found version "3.12.3") found components: Interpreter 
-- Override CMake install command with custom implementation using symlinks instead of copying resources
-- Found ament_lint_auto: 0.17.1 (/opt/ros/jazzy/share/ament_lint_auto/cmake)
-- Added test 'copyright' to check source files copyright and LICENSE
-- Added test 'cppcheck' to perform static code analysis on C / C++ code
-- Configured cppcheck include dirs: 
-- Configured cppcheck exclude dirs and/or files: 
-- Added test 'cpplint' to check C / C++ code against the Google style
-- Configured cpplint exclude dirs and/or files: 
-- Added test 'flake8' to check Python code syntax and style conventions
-- Configured 'flake8' exclude dirs and/or files: 
-- Added test 'lint_cmake' to check CMake code style
-- Added test 'pep257' to check Python code against some of the docstring style conventions in PEP 257
-- Added test 'uncrustify' to check C / C++ code style
-- Configured uncrustify additional arguments: 
-- Added test 'xmllint' to check XML markup files
-- Configuring done (3.3s)
-- Generating done (0.0s)
-- Build files have been written to: /home/faravifarhan/dev_ws/src/gazebot_ros/build/gazebot_ros
-- Install configuration: ""
-- Execute custom install script
-- Symlinking: /home/faravifarhan/dev_ws/src/gazebot_ros/install/gazebot_ros/share/gazebot_ros/config/empty.yaml
-- Symlinking: /home/faravifarhan/dev_ws/src/gazebot_ros/install/gazebot_ros/share/gazebot_ros/config/view_bot.rviz
-- Symlinking: /home/faravifarhan/dev_ws/src/gazebot_ros/install/gazebot_ros/share/gazebot_ros/description/gazebo_control.xacro
-- Symlinking: /home/faravifarhan/dev_ws/src/gazebot_ros/install/gazebot_ros/share/gazebot_ros/description/inertial_macros.xacro
-- Symlinking: /home/faravifarhan/dev_ws/src/gazebot_ros/install/gazebot_ros/share/gazebot_ros/description/robot.urdf.xacro
-- Symlinking: /home/faravifarhan/dev_ws/src/gazebot_ros/install/gazebot_ros/share/gazebot_ros/description/robot_core.xacro
-- Symlinking: /home/faravifarhan/dev_ws/src/gazebot_ros/install/gazebot_ros/share/gazebot_ros/launch/launch_sim.launch.py
-- Symlinking: /home/faravifarhan/dev_ws/src/gazebot_ros/install/gazebot_ros/share/gazebot_ros/launch/rsp.launch.py
-- Symlinking: /home/faravifarhan/dev_ws/src/gazebot_ros/install/gazebot_ros/share/gazebot_ros/worlds/empty.world
-- Symlinking: /home/faravifarhan/dev_ws/src/gazebot_ros/install/gazebot_ros/share/ament_index/resource_index/package_run_dependencies/gazebot_ros
-- Symlinking: /home/faravifarhan/dev_ws/src/gazebot_ros/install/gazebot_ros/share/ament_index/resource_index/parent_prefix_path/gazebot_ros
-- Symlinking: /home/faravifarhan/dev_ws/src/gazebot_ros/install/gazebot_ros/share/gazebot_ros/environment/ament_prefix_path.sh
-- Symlinking: /home/faravifarhan/dev_ws/src/gazebot_ros/install/gazebot_ros/share/gazebot_ros/environment/ament_prefix_path.dsv
-- Symlinking: /home/faravifarhan/dev_ws/src/gazebot_ros/install/gazebot_ros/share/gazebot_ros/environment/path.sh
-- Symlinking: /home/faravifarhan/dev_ws/src/gazebot_ros/install/gazebot_ros/share/gazebot_ros/environment/path.dsv
-- Symlinking: /home/faravifarhan/dev_ws/src/gazebot_ros/install/gazebot_ros/share/gazebot_ros/local_setup.bash
-- Symlinking: /home/faravifarhan/dev_ws/src/gazebot_ros/install/gazebot_ros/share/gazebot_ros/local_setup.sh
-- Symlinking: /home/faravifarhan/dev_ws/src/gazebot_ros/install/gazebot_ros/share/gazebot_ros/local_setup.zsh
-- Symlinking: /home/faravifarhan/dev_ws/src/gazebot_ros/install/gazebot_ros/share/gazebot_ros/local_setup.dsv
-- Symlinking: /home/faravifarhan/dev_ws/src/gazebot_ros/install/gazebot_ros/share/gazebot_ros/package.dsv
-- Symlinking: /home/faravifarhan/dev_ws/src/gazebot_ros/install/gazebot_ros/share/ament_index/resource_index/packages/gazebot_ros
-- Symlinking: /home/faravifarhan/dev_ws/src/gazebot_ros/install/gazebot_ros/share/gazebot_ros/cmake/gazebot_rosConfig.cmake
-- Symlinking: /home/faravifarhan/dev_ws/src/gazebot_ros/install/gazebot_ros/share/gazebot_ros/cmake/gazebot_rosConfig-version.cmake
-- Symlinking: /home/faravifarhan/dev_ws/src/gazebot_ros/install/gazebot_ros/share/gazebot_ros/package.xml
